{"C:\\Entwicklung\\BauLogPro\\src\\frontend\\web\\src\\App.js": {"path":"C:\\Entwicklung\\BauLogPro\\src\\frontend\\web\\src\\App.js","statementMap":{"0":{"start":{"line":5,"column":2},"end":{"line":22,"column":4}}},"fnMap":{"0":{"name":"App","decl":{"start":{"line":4,"column":9},"end":{"line":4,"column":12}},"loc":{"start":{"line":4,"column":15},"end":{"line":23,"column":1}},"line":4}},"branchMap":{},"s":{"0":3},"f":{"0":3},"b":{},"_coverageSchema":"1a1c01bbd47fc00a2c39e90264f33305004495a9","hash":"29ee8b1e05cc294ee46aba29945ababa08ebea3a"}
}
